  HangmanPage.cpp
c:\users\erfan abedi\documents\visual studio 2017\projects\hangmanpage\hangmanpage\hangmanpage.cpp(20): warning C4838: conversion from 'int' to 'SHORT' requires a narrowing conversion
c:\users\erfan abedi\documents\visual studio 2017\projects\hangmanpage\hangmanpage\hangmanpage.cpp(79): warning C4267: 'initializing': conversion from 'size_t' to 'int', possible loss of data
c:\users\erfan abedi\documents\visual studio 2017\projects\hangmanpage\hangmanpage\hangmanpage.cpp(73): warning C4996: 'fopen': This function or variable may be unsafe. Consider using fopen_s instead. To disable deprecation, use _CRT_SECURE_NO_WARNINGS. See online help for details.
  c:\program files (x86)\windows kits\10\include\10.0.15063.0\ucrt\stdio.h(207): note: see declaration of 'fopen'
c:\users\erfan abedi\documents\visual studio 2017\projects\hangmanpage\hangmanpage\hangmanpage.cpp(78): warning C4996: 'strtok': This function or variable may be unsafe. Consider using strtok_s instead. To disable deprecation, use _CRT_SECURE_NO_WARNINGS. See online help for details.
  c:\program files (x86)\windows kits\10\include\10.0.15063.0\ucrt\string.h(439): note: see declaration of 'strtok'
c:\users\erfan abedi\documents\visual studio 2017\projects\hangmanpage\hangmanpage\hangmanpage.cpp(83): warning C4996: 'strcpy': This function or variable may be unsafe. Consider using strcpy_s instead. To disable deprecation, use _CRT_SECURE_NO_WARNINGS. See online help for details.
  c:\program files (x86)\windows kits\10\include\10.0.15063.0\ucrt\string.h(136): note: see declaration of 'strcpy'
c:\users\erfan abedi\documents\visual studio 2017\projects\hangmanpage\hangmanpage\hangmanpage.cpp(89): warning C4996: 'strcpy': This function or variable may be unsafe. Consider using strcpy_s instead. To disable deprecation, use _CRT_SECURE_NO_WARNINGS. See online help for details.
  c:\program files (x86)\windows kits\10\include\10.0.15063.0\ucrt\string.h(136): note: see declaration of 'strcpy'
c:\users\erfan abedi\documents\visual studio 2017\projects\hangmanpage\hangmanpage\hangmanpage.cpp(152): warning C4996: 'fopen': This function or variable may be unsafe. Consider using fopen_s instead. To disable deprecation, use _CRT_SECURE_NO_WARNINGS. See online help for details.
  c:\program files (x86)\windows kits\10\include\10.0.15063.0\ucrt\stdio.h(207): note: see declaration of 'fopen'
c:\users\erfan abedi\documents\visual studio 2017\projects\hangmanpage\hangmanpage\hangmanpage.cpp(153): warning C4996: 'fscanf': This function or variable may be unsafe. Consider using fscanf_s instead. To disable deprecation, use _CRT_SECURE_NO_WARNINGS. See online help for details.
  c:\program files (x86)\windows kits\10\include\10.0.15063.0\ucrt\stdio.h(1195): note: see declaration of 'fscanf'
c:\users\erfan abedi\documents\visual studio 2017\projects\hangmanpage\hangmanpage\hangmanpage.cpp(155): warning C4996: 'strcpy': This function or variable may be unsafe. Consider using strcpy_s instead. To disable deprecation, use _CRT_SECURE_NO_WARNINGS. See online help for details.
  c:\program files (x86)\windows kits\10\include\10.0.15063.0\ucrt\string.h(136): note: see declaration of 'strcpy'
c:\users\erfan abedi\documents\visual studio 2017\projects\hangmanpage\hangmanpage\hangmanpage.cpp(158): warning C4996: 'fscanf': This function or variable may be unsafe. Consider using fscanf_s instead. To disable deprecation, use _CRT_SECURE_NO_WARNINGS. See online help for details.
  c:\program files (x86)\windows kits\10\include\10.0.15063.0\ucrt\stdio.h(1195): note: see declaration of 'fscanf'
c:\users\erfan abedi\documents\visual studio 2017\projects\hangmanpage\hangmanpage\hangmanpage.cpp(161): warning C4996: 'strcpy': This function or variable may be unsafe. Consider using strcpy_s instead. To disable deprecation, use _CRT_SECURE_NO_WARNINGS. See online help for details.
  c:\program files (x86)\windows kits\10\include\10.0.15063.0\ucrt\string.h(136): note: see declaration of 'strcpy'
c:\users\erfan abedi\documents\visual studio 2017\projects\hangmanpage\hangmanpage\hangmanpage.cpp(166): warning C4996: 'fopen': This function or variable may be unsafe. Consider using fopen_s instead. To disable deprecation, use _CRT_SECURE_NO_WARNINGS. See online help for details.
  c:\program files (x86)\windows kits\10\include\10.0.15063.0\ucrt\stdio.h(207): note: see declaration of 'fopen'
c:\users\erfan abedi\documents\visual studio 2017\projects\hangmanpage\hangmanpage\hangmanpage.cpp(168): warning C4996: 'fscanf': This function or variable may be unsafe. Consider using fscanf_s instead. To disable deprecation, use _CRT_SECURE_NO_WARNINGS. See online help for details.
  c:\program files (x86)\windows kits\10\include\10.0.15063.0\ucrt\stdio.h(1195): note: see declaration of 'fscanf'
c:\users\erfan abedi\documents\visual studio 2017\projects\hangmanpage\hangmanpage\hangmanpage.cpp(150): warning C4101: 'totalScore': unreferenced local variable
c:\users\erfan abedi\documents\visual studio 2017\projects\hangmanpage\hangmanpage\hangmanpage.cpp(397): warning C4996: '_sleep': This function or variable has been superceded by newer library or operating system functionality. Consider using Sleep instead. See online help for details.
  c:\program files (x86)\windows kits\10\include\10.0.15063.0\ucrt\stdlib.h(1282): note: see declaration of '_sleep'
c:\users\erfan abedi\documents\visual studio 2017\projects\hangmanpage\hangmanpage\hangmanpage.cpp(405): warning C4996: '_sleep': This function or variable has been superceded by newer library or operating system functionality. Consider using Sleep instead. See online help for details.
  c:\program files (x86)\windows kits\10\include\10.0.15063.0\ucrt\stdlib.h(1282): note: see declaration of '_sleep'
c:\users\erfan abedi\documents\visual studio 2017\projects\hangmanpage\hangmanpage\hangmanpage.cpp(383): warning C4101: 'sleepCounter': unreferenced local variable
c:\users\erfan abedi\documents\visual studio 2017\projects\hangmanpage\hangmanpage\hangmanpage.cpp(413): warning C4244: 'argument': conversion from 'time_t' to 'unsigned int', possible loss of data
c:\users\erfan abedi\documents\visual studio 2017\projects\hangmanpage\hangmanpage\hangmanpage.cpp(467): warning C4267: '=': conversion from 'size_t' to 'int', possible loss of data
c:\users\erfan abedi\documents\visual studio 2017\projects\hangmanpage\hangmanpage\hangmanpage.cpp(422): warning C4996: 'strcpy': This function or variable may be unsafe. Consider using strcpy_s instead. To disable deprecation, use _CRT_SECURE_NO_WARNINGS. See online help for details.
  c:\program files (x86)\windows kits\10\include\10.0.15063.0\ucrt\string.h(136): note: see declaration of 'strcpy'
c:\users\erfan abedi\documents\visual studio 2017\projects\hangmanpage\hangmanpage\hangmanpage.cpp(426): warning C4996: 'strcat': This function or variable may be unsafe. Consider using strcat_s instead. To disable deprecation, use _CRT_SECURE_NO_WARNINGS. See online help for details.
  c:\program files (x86)\windows kits\10\include\10.0.15063.0\ucrt\string.h(93): note: see declaration of 'strcat'
c:\users\erfan abedi\documents\visual studio 2017\projects\hangmanpage\hangmanpage\hangmanpage.cpp(428): warning C4996: '_sleep': This function or variable has been superceded by newer library or operating system functionality. Consider using Sleep instead. See online help for details.
  c:\program files (x86)\windows kits\10\include\10.0.15063.0\ucrt\stdlib.h(1282): note: see declaration of '_sleep'
c:\users\erfan abedi\documents\visual studio 2017\projects\hangmanpage\hangmanpage\hangmanpage.cpp(447): warning C4996: 'scanf': This function or variable may be unsafe. Consider using scanf_s instead. To disable deprecation, use _CRT_SECURE_NO_WARNINGS. See online help for details.
  c:\program files (x86)\windows kits\10\include\10.0.15063.0\ucrt\stdio.h(1272): note: see declaration of 'scanf'
c:\users\erfan abedi\documents\visual studio 2017\projects\hangmanpage\hangmanpage\hangmanpage.cpp(471): warning C4996: '_sleep': This function or variable has been superceded by newer library or operating system functionality. Consider using Sleep instead. See online help for details.
  c:\program files (x86)\windows kits\10\include\10.0.15063.0\ucrt\stdlib.h(1282): note: see declaration of '_sleep'
c:\users\erfan abedi\documents\visual studio 2017\projects\hangmanpage\hangmanpage\hangmanpage.cpp(487): warning C4996: '_sleep': This function or variable has been superceded by newer library or operating system functionality. Consider using Sleep instead. See online help for details.
  c:\program files (x86)\windows kits\10\include\10.0.15063.0\ucrt\stdlib.h(1282): note: see declaration of '_sleep'
c:\users\erfan abedi\documents\visual studio 2017\projects\hangmanpage\hangmanpage\hangmanpage.cpp(414): warning C4101: 'line': unreferenced local variable
c:\users\erfan abedi\documents\visual studio 2017\projects\hangmanpage\hangmanpage\hangmanpage.cpp(499): warning C4996: 'fopen': This function or variable may be unsafe. Consider using fopen_s instead. To disable deprecation, use _CRT_SECURE_NO_WARNINGS. See online help for details.
  c:\program files (x86)\windows kits\10\include\10.0.15063.0\ucrt\stdio.h(207): note: see declaration of 'fopen'
c:\users\erfan abedi\documents\visual studio 2017\projects\hangmanpage\hangmanpage\hangmanpage.cpp(501): warning C4996: 'fscanf': This function or variable may be unsafe. Consider using fscanf_s instead. To disable deprecation, use _CRT_SECURE_NO_WARNINGS. See online help for details.
  c:\program files (x86)\windows kits\10\include\10.0.15063.0\ucrt\stdio.h(1195): note: see declaration of 'fscanf'
c:\users\erfan abedi\documents\visual studio 2017\projects\hangmanpage\hangmanpage\hangmanpage.cpp(511): warning C4996: 'fopen': This function or variable may be unsafe. Consider using fopen_s instead. To disable deprecation, use _CRT_SECURE_NO_WARNINGS. See online help for details.
  c:\program files (x86)\windows kits\10\include\10.0.15063.0\ucrt\stdio.h(207): note: see declaration of 'fopen'
c:\users\erfan abedi\documents\visual studio 2017\projects\hangmanpage\hangmanpage\hangmanpage.cpp(526): warning C4996: 'fopen': This function or variable may be unsafe. Consider using fopen_s instead. To disable deprecation, use _CRT_SECURE_NO_WARNINGS. See online help for details.
  c:\program files (x86)\windows kits\10\include\10.0.15063.0\ucrt\stdio.h(207): note: see declaration of 'fopen'
c:\users\erfan abedi\documents\visual studio 2017\projects\hangmanpage\hangmanpage\hangmanpage.cpp(541): warning C4996: 'scanf': This function or variable may be unsafe. Consider using scanf_s instead. To disable deprecation, use _CRT_SECURE_NO_WARNINGS. See online help for details.
  c:\program files (x86)\windows kits\10\include\10.0.15063.0\ucrt\stdio.h(1272): note: see declaration of 'scanf'
c:\users\erfan abedi\documents\visual studio 2017\projects\hangmanpage\hangmanpage\hangmanpage.cpp(546): warning C4996: 'fopen': This function or variable may be unsafe. Consider using fopen_s instead. To disable deprecation, use _CRT_SECURE_NO_WARNINGS. See online help for details.
  c:\program files (x86)\windows kits\10\include\10.0.15063.0\ucrt\stdio.h(207): note: see declaration of 'fopen'
c:\users\erfan abedi\documents\visual studio 2017\projects\hangmanpage\hangmanpage\hangmanpage.cpp(548): warning C4996: 'fscanf': This function or variable may be unsafe. Consider using fscanf_s instead. To disable deprecation, use _CRT_SECURE_NO_WARNINGS. See online help for details.
  c:\program files (x86)\windows kits\10\include\10.0.15063.0\ucrt\stdio.h(1195): note: see declaration of 'fscanf'
c:\users\erfan abedi\documents\visual studio 2017\projects\hangmanpage\hangmanpage\hangmanpage.cpp(550): warning C4996: 'strcpy': This function or variable may be unsafe. Consider using strcpy_s instead. To disable deprecation, use _CRT_SECURE_NO_WARNINGS. See online help for details.
  c:\program files (x86)\windows kits\10\include\10.0.15063.0\ucrt\string.h(136): note: see declaration of 'strcpy'
c:\users\erfan abedi\documents\visual studio 2017\projects\hangmanpage\hangmanpage\hangmanpage.cpp(552): warning C4996: 'fscanf': This function or variable may be unsafe. Consider using fscanf_s instead. To disable deprecation, use _CRT_SECURE_NO_WARNINGS. See online help for details.
  c:\program files (x86)\windows kits\10\include\10.0.15063.0\ucrt\stdio.h(1195): note: see declaration of 'fscanf'
c:\users\erfan abedi\documents\visual studio 2017\projects\hangmanpage\hangmanpage\hangmanpage.cpp(555): warning C4996: 'strcpy': This function or variable may be unsafe. Consider using strcpy_s instead. To disable deprecation, use _CRT_SECURE_NO_WARNINGS. See online help for details.
  c:\program files (x86)\windows kits\10\include\10.0.15063.0\ucrt\string.h(136): note: see declaration of 'strcpy'
c:\users\erfan abedi\documents\visual studio 2017\projects\hangmanpage\hangmanpage\hangmanpage.cpp(588): warning C4996: 'fopen': This function or variable may be unsafe. Consider using fopen_s instead. To disable deprecation, use _CRT_SECURE_NO_WARNINGS. See online help for details.
  c:\program files (x86)\windows kits\10\include\10.0.15063.0\ucrt\stdio.h(207): note: see declaration of 'fopen'
c:\users\erfan abedi\documents\visual studio 2017\projects\hangmanpage\hangmanpage\hangmanpage.cpp(593): warning C4996: 'fscanf': This function or variable may be unsafe. Consider using fscanf_s instead. To disable deprecation, use _CRT_SECURE_NO_WARNINGS. See online help for details.
  c:\program files (x86)\windows kits\10\include\10.0.15063.0\ucrt\stdio.h(1195): note: see declaration of 'fscanf'
c:\users\erfan abedi\documents\visual studio 2017\projects\hangmanpage\hangmanpage\hangmanpage.cpp(595): warning C4996: 'strcpy': This function or variable may be unsafe. Consider using strcpy_s instead. To disable deprecation, use _CRT_SECURE_NO_WARNINGS. See online help for details.
  c:\program files (x86)\windows kits\10\include\10.0.15063.0\ucrt\string.h(136): note: see declaration of 'strcpy'
c:\users\erfan abedi\documents\visual studio 2017\projects\hangmanpage\hangmanpage\hangmanpage.cpp(598): warning C4996: 'fscanf': This function or variable may be unsafe. Consider using fscanf_s instead. To disable deprecation, use _CRT_SECURE_NO_WARNINGS. See online help for details.
  c:\program files (x86)\windows kits\10\include\10.0.15063.0\ucrt\stdio.h(1195): note: see declaration of 'fscanf'
c:\users\erfan abedi\documents\visual studio 2017\projects\hangmanpage\hangmanpage\hangmanpage.cpp(601): warning C4996: 'strcpy': This function or variable may be unsafe. Consider using strcpy_s instead. To disable deprecation, use _CRT_SECURE_NO_WARNINGS. See online help for details.
  c:\program files (x86)\windows kits\10\include\10.0.15063.0\ucrt\string.h(136): note: see declaration of 'strcpy'
c:\users\erfan abedi\documents\visual studio 2017\projects\hangmanpage\hangmanpage\hangmanpage.cpp(615): warning C4996: 'strcat': This function or variable may be unsafe. Consider using strcat_s instead. To disable deprecation, use _CRT_SECURE_NO_WARNINGS. See online help for details.
  c:\program files (x86)\windows kits\10\include\10.0.15063.0\ucrt\string.h(93): note: see declaration of 'strcat'
c:\users\erfan abedi\documents\visual studio 2017\projects\hangmanpage\hangmanpage\hangmanpage.cpp(634): warning C4477: 'scanf' : format string '%d' requires an argument of type 'int *', but variadic argument 1 has type 'bool *'
c:\users\erfan abedi\documents\visual studio 2017\projects\hangmanpage\hangmanpage\hangmanpage.cpp(634): warning C4996: 'scanf': This function or variable may be unsafe. Consider using scanf_s instead. To disable deprecation, use _CRT_SECURE_NO_WARNINGS. See online help for details.
  c:\program files (x86)\windows kits\10\include\10.0.15063.0\ucrt\stdio.h(1272): note: see declaration of 'scanf'
c:\users\erfan abedi\documents\visual studio 2017\projects\hangmanpage\hangmanpage\hangmanpage.cpp(642): warning C4996: 'scanf': This function or variable may be unsafe. Consider using scanf_s instead. To disable deprecation, use _CRT_SECURE_NO_WARNINGS. See online help for details.
  c:\program files (x86)\windows kits\10\include\10.0.15063.0\ucrt\stdio.h(1272): note: see declaration of 'scanf'
c:\users\erfan abedi\documents\visual studio 2017\projects\hangmanpage\hangmanpage\hangmanpage.cpp(614): warning C4101: 'line': unreferenced local variable
c:\users\erfan abedi\documents\visual studio 2017\projects\hangmanpage\hangmanpage\hangmanpage.cpp(656): warning C4996: 'scanf': This function or variable may be unsafe. Consider using scanf_s instead. To disable deprecation, use _CRT_SECURE_NO_WARNINGS. See online help for details.
  c:\program files (x86)\windows kits\10\include\10.0.15063.0\ucrt\stdio.h(1272): note: see declaration of 'scanf'
c:\users\erfan abedi\documents\visual studio 2017\projects\hangmanpage\hangmanpage\hangmanpage.cpp(657): warning C4996: 'fopen': This function or variable may be unsafe. Consider using fopen_s instead. To disable deprecation, use _CRT_SECURE_NO_WARNINGS. See online help for details.
  c:\program files (x86)\windows kits\10\include\10.0.15063.0\ucrt\stdio.h(207): note: see declaration of 'fopen'
c:\users\erfan abedi\documents\visual studio 2017\projects\hangmanpage\hangmanpage\hangmanpage.cpp(658): warning C4996: 'strcat': This function or variable may be unsafe. Consider using strcat_s instead. To disable deprecation, use _CRT_SECURE_NO_WARNINGS. See online help for details.
  c:\program files (x86)\windows kits\10\include\10.0.15063.0\ucrt\string.h(93): note: see declaration of 'strcat'
c:\users\erfan abedi\documents\visual studio 2017\projects\hangmanpage\hangmanpage\hangmanpage.cpp(659): warning C4996: 'fopen': This function or variable may be unsafe. Consider using fopen_s instead. To disable deprecation, use _CRT_SECURE_NO_WARNINGS. See online help for details.
  c:\program files (x86)\windows kits\10\include\10.0.15063.0\ucrt\stdio.h(207): note: see declaration of 'fopen'
c:\users\erfan abedi\documents\visual studio 2017\projects\hangmanpage\hangmanpage\hangmanpage.cpp(662): warning C4996: 'scanf': This function or variable may be unsafe. Consider using scanf_s instead. To disable deprecation, use _CRT_SECURE_NO_WARNINGS. See online help for details.
  c:\program files (x86)\windows kits\10\include\10.0.15063.0\ucrt\stdio.h(1272): note: see declaration of 'scanf'
c:\users\erfan abedi\documents\visual studio 2017\projects\hangmanpage\hangmanpage\hangmanpage.cpp(675): warning C4996: 'fopen': This function or variable may be unsafe. Consider using fopen_s instead. To disable deprecation, use _CRT_SECURE_NO_WARNINGS. See online help for details.
  c:\program files (x86)\windows kits\10\include\10.0.15063.0\ucrt\stdio.h(207): note: see declaration of 'fopen'
c:\users\erfan abedi\documents\visual studio 2017\projects\hangmanpage\hangmanpage\hangmanpage.cpp(678): warning C4996: 'fscanf': This function or variable may be unsafe. Consider using fscanf_s instead. To disable deprecation, use _CRT_SECURE_NO_WARNINGS. See online help for details.
  c:\program files (x86)\windows kits\10\include\10.0.15063.0\ucrt\stdio.h(1195): note: see declaration of 'fscanf'
c:\users\erfan abedi\documents\visual studio 2017\projects\hangmanpage\hangmanpage\hangmanpage.cpp(680): warning C4996: 'strcpy': This function or variable may be unsafe. Consider using strcpy_s instead. To disable deprecation, use _CRT_SECURE_NO_WARNINGS. See online help for details.
  c:\program files (x86)\windows kits\10\include\10.0.15063.0\ucrt\string.h(136): note: see declaration of 'strcpy'
c:\users\erfan abedi\documents\visual studio 2017\projects\hangmanpage\hangmanpage\hangmanpage.cpp(683): warning C4996: 'fscanf': This function or variable may be unsafe. Consider using fscanf_s instead. To disable deprecation, use _CRT_SECURE_NO_WARNINGS. See online help for details.
  c:\program files (x86)\windows kits\10\include\10.0.15063.0\ucrt\stdio.h(1195): note: see declaration of 'fscanf'
c:\users\erfan abedi\documents\visual studio 2017\projects\hangmanpage\hangmanpage\hangmanpage.cpp(686): warning C4996: 'strcpy': This function or variable may be unsafe. Consider using strcpy_s instead. To disable deprecation, use _CRT_SECURE_NO_WARNINGS. See online help for details.
  c:\program files (x86)\windows kits\10\include\10.0.15063.0\ucrt\string.h(136): note: see declaration of 'strcpy'
c:\users\erfan abedi\documents\visual studio 2017\projects\hangmanpage\hangmanpage\hangmanpage.cpp(692): warning C4996: 'fopen': This function or variable may be unsafe. Consider using fopen_s instead. To disable deprecation, use _CRT_SECURE_NO_WARNINGS. See online help for details.
  c:\program files (x86)\windows kits\10\include\10.0.15063.0\ucrt\stdio.h(207): note: see declaration of 'fopen'
c:\users\erfan abedi\documents\visual studio 2017\projects\hangmanpage\hangmanpage\hangmanpage.cpp(694): warning C4996: 'fscanf': This function or variable may be unsafe. Consider using fscanf_s instead. To disable deprecation, use _CRT_SECURE_NO_WARNINGS. See online help for details.
  c:\program files (x86)\windows kits\10\include\10.0.15063.0\ucrt\stdio.h(1195): note: see declaration of 'fscanf'
c:\users\erfan abedi\documents\visual studio 2017\projects\hangmanpage\hangmanpage\hangmanpage.cpp(697): warning C4996: 'strcpy': This function or variable may be unsafe. Consider using strcpy_s instead. To disable deprecation, use _CRT_SECURE_NO_WARNINGS. See online help for details.
  c:\program files (x86)\windows kits\10\include\10.0.15063.0\ucrt\string.h(136): note: see declaration of 'strcpy'
c:\users\erfan abedi\documents\visual studio 2017\projects\hangmanpage\hangmanpage\hangmanpage.cpp(703): warning C4996: 'fopen': This function or variable may be unsafe. Consider using fopen_s instead. To disable deprecation, use _CRT_SECURE_NO_WARNINGS. See online help for details.
  c:\program files (x86)\windows kits\10\include\10.0.15063.0\ucrt\stdio.h(207): note: see declaration of 'fopen'
c:\users\erfan abedi\documents\visual studio 2017\projects\hangmanpage\hangmanpage\hangmanpage.cpp(705): warning C4996: 'fscanf': This function or variable may be unsafe. Consider using fscanf_s instead. To disable deprecation, use _CRT_SECURE_NO_WARNINGS. See online help for details.
  c:\program files (x86)\windows kits\10\include\10.0.15063.0\ucrt\stdio.h(1195): note: see declaration of 'fscanf'
c:\users\erfan abedi\documents\visual studio 2017\projects\hangmanpage\hangmanpage\hangmanpage.cpp(723): warning C4996: 'strcpy': This function or variable may be unsafe. Consider using strcpy_s instead. To disable deprecation, use _CRT_SECURE_NO_WARNINGS. See online help for details.
  c:\program files (x86)\windows kits\10\include\10.0.15063.0\ucrt\string.h(136): note: see declaration of 'strcpy'
c:\users\erfan abedi\documents\visual studio 2017\projects\hangmanpage\hangmanpage\hangmanpage.cpp(736): warning C4996: '_sleep': This function or variable has been superceded by newer library or operating system functionality. Consider using Sleep instead. See online help for details.
  c:\program files (x86)\windows kits\10\include\10.0.15063.0\ucrt\stdlib.h(1282): note: see declaration of '_sleep'
c:\users\erfan abedi\documents\visual studio 2017\projects\hangmanpage\hangmanpage\hangmanpage.cpp(743): warning C4996: 'scanf': This function or variable may be unsafe. Consider using scanf_s instead. To disable deprecation, use _CRT_SECURE_NO_WARNINGS. See online help for details.
  c:\program files (x86)\windows kits\10\include\10.0.15063.0\ucrt\stdio.h(1272): note: see declaration of 'scanf'
c:\users\erfan abedi\documents\visual studio 2017\projects\hangmanpage\hangmanpage\hangmanpage.cpp(748): warning C4996: 'scanf': This function or variable may be unsafe. Consider using scanf_s instead. To disable deprecation, use _CRT_SECURE_NO_WARNINGS. See online help for details.
  c:\program files (x86)\windows kits\10\include\10.0.15063.0\ucrt\stdio.h(1272): note: see declaration of 'scanf'
c:\users\erfan abedi\documents\visual studio 2017\projects\hangmanpage\hangmanpage\hangmanpage.cpp(755): warning C4996: 'scanf': This function or variable may be unsafe. Consider using scanf_s instead. To disable deprecation, use _CRT_SECURE_NO_WARNINGS. See online help for details.
  c:\program files (x86)\windows kits\10\include\10.0.15063.0\ucrt\stdio.h(1272): note: see declaration of 'scanf'
  HangmanPage.vcxproj -> C:\Users\Erfan Abedi\documents\visual studio 2017\Projects\HangmanPage\x64\Debug\HangmanPage.exe
  HangmanPage.vcxproj -> C:\Users\Erfan Abedi\documents\visual studio 2017\Projects\HangmanPage\x64\Debug\HangmanPage.pdb (Partial PDB)
